<?xml version="1.0" encoding="UTF-8"?>
<testng-results ignored="0" total="1" passed="1" failed="0" skipped="0">
  <reporter-output>
  </reporter-output>
  <suite started-at="2023-12-06T15:42:59 IST" name="Default suite" finished-at="2023-12-06T15:42:59 IST" duration-ms="187">
    <groups>
    </groups>
    <test started-at="2023-12-06T15:42:59 IST" name="Default test" finished-at="2023-12-06T15:42:59 IST" duration-ms="187">
      <class name="com.realdemand.qa.testcases.NewTest">
        <test-method is-config="true" signature="beforeTest()[pri:0, instance:com.realdemand.qa.testcases.NewTest@30e868be]" started-at="2023-12-06T15:42:59 IST" name="beforeTest" finished-at="2023-12-06T15:42:59 IST" duration-ms="13" status="PASS">
          <reporter-output>
          </reporter-output>
        </test-method> <!-- beforeTest -->
        <test-method signature="f()[pri:0, instance:com.realdemand.qa.testcases.NewTest@30e868be]" started-at="2023-12-06T15:42:59 IST" name="f" finished-at="2023-12-06T15:42:59 IST" duration-ms="89" status="PASS">
          <reporter-output>
          </reporter-output>
        </test-method> <!-- f -->
        <test-method is-config="true" signature="afterTest()[pri:0, instance:com.realdemand.qa.testcases.NewTest@30e868be]" started-at="2023-12-06T15:42:59 IST" name="afterTest" finished-at="2023-12-06T15:42:59 IST" duration-ms="1" status="PASS">
          <reporter-output>
          </reporter-output>
        </test-method> <!-- afterTest -->
      </class> <!-- com.realdemand.qa.testcases.NewTest -->
    </test> <!-- Default test -->
  </suite> <!-- Default suite -->
</testng-results>
